<?xml version="1.0" encoding="UTF-8"?>
<testng-results skipped="0" failed="0" ignored="0" total="1" passed="1">
  <reporter-output>
  </reporter-output>
  <suite name="Surefire suite" duration-ms="109" started-at="2018-06-25T19:27:17Z" finished-at="2018-06-25T19:27:17Z">
    <groups>
    </groups>
    <test name="Surefire test" duration-ms="109" started-at="2018-06-25T19:27:17Z" finished-at="2018-06-25T19:27:17Z">
      <class name="com.mycompany.app.TestRunner">
        <test-method status="PASS" signature="test()[pri:0, instance:com.mycompany.app.TestRunner@153f5a29]" name="test" duration-ms="78" started-at="2018-06-25T19:27:17Z" finished-at="2018-06-25T19:27:17Z">
          <reporter-output>
          </reporter-output>
        </test-method> <!-- test -->
      </class> <!-- com.mycompany.app.TestRunner -->
    </test> <!-- Surefire test -->
  </suite> <!-- Surefire suite -->
</testng-results>
